2025-11-14 11:46:50,598 | INFO | مدل و اجزا با موفقیت بارگذاری شدند.
2025-11-14 11:46:50,598 | INFO | سرویس تشخیص ناهنجاری شروع شد. هر 60 ثانیه اجرا می‌شود...
2025-11-14 11:46:50,787 | INFO | رکورد جدیدی برای پردازش یافت نشد.
2025-11-14 11:46:50,787 | INFO | بدون رکورد جدید.
2025-11-14 11:47:50,612 | INFO | رکورد جدیدی برای پردازش یافت نشد.
2025-11-14 11:47:50,612 | INFO | بدون رکورد جدید.
2025-11-14 14:23:22,653 | INFO | مدل و اجزا با موفقیت بارگذاری شدند.
2025-11-14 14:23:22,653 | INFO | سرویس تشخیص ناهنجاری شروع شد. هر 60 ثانیه اجرا می‌شود...
2025-11-14 14:23:27,421 | INFO | 1000 رکورد جدید با موفقیت پردازش و ثبت شد.
2025-11-14 14:23:27,424 | INFO | پردازش موفق: 1000 رکورد جدید
2025-11-14 14:24:22,654 | INFO | رکورد جدیدی برای پردازش یافت نشد.
2025-11-14 14:24:22,654 | INFO | بدون رکورد جدید.
2025-11-14 14:25:26,650 | INFO | 1000 رکورد جدید با موفقیت پردازش و ثبت شد.
2025-11-14 14:25:26,652 | INFO | پردازش موفق: 1000 رکورد جدید
2025-11-14 14:25:55,288 | INFO | مدل و اجزا با موفقیت بارگذاری شدند.
2025-11-14 14:25:55,288 | INFO | سرویس تشخیص ناهنجاری شروع شد. هر 60 ثانیه اجرا می‌شود...
2025-11-14 14:25:55,317 | INFO | رکورد جدیدی برای پردازش یافت نشد.
2025-11-14 14:25:55,317 | INFO | بدون رکورد جدید.
2025-11-14 14:26:55,304 | INFO | رکورد جدیدی برای پردازش یافت نشد.
2025-11-14 14:26:55,304 | INFO | بدون رکورد جدید.
2025-11-14 15:26:50,975 | INFO | مدل و اجزا با موفقیت بارگذاری شدند.
2025-11-14 15:26:51,009 | INFO | سرویس تشخیص ناهنجاری شروع شد. هر 60 ثانیه اجرا می‌شود...
2025-11-14 15:26:57,156 | INFO | 1000 رکورد جدید با موفقیت پردازش و ثبت شد.
2025-11-14 15:26:57,156 | INFO | پردازش موفق: 1000 رکورد جدید
2025-11-14 15:27:51,028 | INFO | رکورد جدیدی برای پردازش یافت نشد.
2025-11-14 15:27:51,034 | INFO | بدون رکورد جدید.
2025-11-14 15:28:51,030 | INFO | رکورد جدیدی برای پردازش یافت نشد.
2025-11-14 15:28:51,030 | INFO | بدون رکورد جدید.
2025-11-14 15:33:51,549 | INFO | مدل و اجزا با موفقیت بارگذاری شدند.
2025-11-14 15:33:51,549 | INFO | سرویس تشخیص ناهنجاری شروع شد. هر 60 ثانیه اجرا می‌شود...
2025-11-14 15:33:51,566 | INFO | رکورد جدیدی برای پردازش یافت نشد.
2025-11-14 15:33:51,581 | INFO | بدون رکورد جدید.
2025-11-14 15:34:51,551 | INFO | رکورد جدیدی برای پردازش یافت نشد.
2025-11-14 15:34:51,560 | INFO | بدون رکورد جدید.
2025-11-14 15:35:51,554 | INFO | رکورد جدیدی برای پردازش یافت نشد.
2025-11-14 15:35:51,554 | INFO | بدون رکورد جدید.
2025-11-14 15:46:04,341 | INFO | مدل و اجزا با موفقیت بارگذاری شدند.
2025-11-14 15:46:04,357 | INFO | سرویس تشخیص ناهنجاری شروع شد. هر 60 ثانیه اجرا می‌شود...
2025-11-14 15:46:08,467 | INFO | 1000 رکورد جدید با موفقیت پردازش و ثبت شد.
2025-11-14 15:46:08,467 | INFO | پردازش موفق: 1000 رکورد جدید
2025-11-14 15:48:43,735 | INFO | مدل و اجزا با موفقیت بارگذاری شدند.
2025-11-14 15:48:43,735 | INFO | سرویس تشخیص ناهنجاری شروع شد. هر 60 ثانیه اجرا می‌شود...
2025-11-14 15:48:47,420 | INFO | 1000 رکورد جدید با موفقیت پردازش و ثبت شد.
2025-11-14 15:48:47,436 | INFO | پردازش موفق: 1000 رکورد جدید
2025-11-14 15:52:28,133 | INFO | مدل و اجزا با موفقیت بارگذاری شدند.
2025-11-14 15:52:28,133 | INFO | سرویس تشخیص ناهنجاری شروع شد. هر 60 ثانیه اجرا می‌شود...
2025-11-14 15:52:32,098 | INFO | 1000 رکورد جدید با موفقیت پردازش و ثبت شد.
2025-11-14 15:52:32,098 | INFO | پردازش موفق: 1000 رکورد جدید
2025-11-14 15:53:28,150 | INFO | رکورد جدیدی برای پردازش یافت نشد.
2025-11-14 15:53:28,150 | INFO | بدون رکورد جدید.
2025-11-14 15:54:28,153 | INFO | رکورد جدیدی برای پردازش یافت نشد.
2025-11-14 15:54:28,153 | INFO | بدون رکورد جدید.
2025-11-14 15:55:35,968 | INFO | مدل و اجزا با موفقیت بارگذاری شدند.
2025-11-14 15:55:35,968 | INFO | سرویس تشخیص ناهنجاری شروع شد. هر 60 ثانیه اجرا می‌شود...
2025-11-14 15:55:35,982 | INFO | رکورد جدیدی برای پردازش یافت نشد.
2025-11-14 15:55:35,983 | INFO | بدون رکورد جدید.
