2025-11-14 14:12:23,118 | INFO | مدل با موفقیت بارگذاری شد.
2025-11-14 14:12:23,134 | INFO | سرویس تشخیص ناهنجاری (فقط Abnormal → اکسل) شروع شد...
2025-11-14 14:12:26,646 | INFO | هیچ مورد Abnormal جدیدی یافت نشد.
2025-11-14 14:14:21,419 | INFO | مدل با موفقیت بارگذاری شد.
2025-11-14 14:14:21,419 | INFO | سرویس تشخیص ناهنجاری (فقط Abnormal → اکسل) شروع شد...
2025-11-14 14:14:24,969 | INFO | هیچ مورد Abnormal جدیدی یافت نشد.
2025-11-14 14:15:30,282 | INFO | مدل با موفقیت بارگذاری شد.
2025-11-14 14:15:30,298 | INFO | سرویس تشخیص ناهنجاری (فقط Abnormal → اکسل) شروع شد...
2025-11-14 14:15:33,165 | INFO | هیچ مورد Abnormal جدیدی یافت نشد.
2025-11-14 14:16:22,392 | INFO | مدل با موفقیت بارگذاری شد.
2025-11-14 14:16:22,408 | INFO | سرویس تشخیص ناهنجاری (فقط Abnormal → اکسل) شروع شد...
2025-11-14 14:16:25,310 | INFO | هیچ مورد Abnormal جدیدی یافت نشد.
2025-11-14 14:17:06,205 | INFO | مدل با موفقیت بارگذاری شد.
2025-11-14 14:17:06,205 | INFO | سرویس تشخیص ناهنجاری (فقط Abnormal → اکسل) شروع شد...
2025-11-14 14:17:09,805 | INFO | هیچ مورد Abnormal جدیدی یافت نشد.
2025-11-14 14:19:30,517 | INFO | مدل با موفقیت بارگذاری شد.
2025-11-14 14:19:30,517 | INFO | سرویس تشخیص ناهنجاری (فقط Abnormal → اکسل) شروع شد...
2025-11-14 14:19:33,530 | INFO | هیچ مورد Abnormal جدیدی یافت نشد.
2025-11-14 14:20:04,520 | INFO | مدل با موفقیت بارگذاری شد.
2025-11-14 14:20:04,520 | INFO | سرویس تشخیص ناهنجاری (فقط Abnormal → اکسل) شروع شد...
2025-11-14 14:20:07,540 | INFO | هیچ مورد Abnormal جدیدی یافت نشد.
2025-11-14 14:27:50,961 | INFO | مدل با موفقیت بارگذاری شد.
2025-11-14 14:27:50,974 | INFO | سرویس تشخیص ناهنجاری (فقط Abnormal → اکسل) شروع شد...
2025-11-14 14:27:55,145 | INFO | فایل اکسل جدید ساخته شد. 1 رکورد Abnormal ذخیره شد.
2025-11-14 14:31:36,155 | INFO | مدل با موفقیت بارگذاری شد.
2025-11-14 14:31:36,171 | INFO | سرویس تشخیص ناهنجاری (فقط Abnormal → اکسل) شروع شد...
2025-11-14 14:31:38,931 | ERROR | خطا در پردازش: Python type numpy.int64 cannot be converted
2025-11-14 14:31:38,947 | ERROR | خطا در پردازش: Python type numpy.int64 cannot be converted
2025-11-14 14:31:38,983 | ERROR | خطا در پردازش: Python type numpy.int64 cannot be converted
2025-11-14 14:31:39,003 | ERROR | خطا در پردازش: Python type numpy.int64 cannot be converted
2025-11-14 14:31:39,049 | ERROR | خطا در پردازش: Python type numpy.int64 cannot be converted
2025-11-14 14:31:39,086 | ERROR | خطا در پردازش: Python type numpy.int64 cannot be converted
2025-11-14 14:31:39,122 | ERROR | خطا در پردازش: Python type numpy.int64 cannot be converted
2025-11-14 14:31:39,154 | ERROR | خطا در پردازش: Python type numpy.int64 cannot be converted
2025-11-14 14:31:39,185 | ERROR | خطا در پردازش: Python type numpy.int64 cannot be converted
2025-11-14 14:31:39,215 | ERROR | خطا در پردازش: Python type numpy.int64 cannot be converted
2025-11-14 14:31:39,250 | ERROR | خطا در پردازش: Python type numpy.int64 cannot be converted
2025-11-14 14:31:39,288 | ERROR | خطا در پردازش: Python type numpy.int64 cannot be converted
2025-11-14 14:31:39,323 | ERROR | خطا در پردازش: Python type numpy.int64 cannot be converted
2025-11-14 14:31:39,359 | ERROR | خطا در پردازش: Python type numpy.int64 cannot be converted
2025-11-14 14:31:39,390 | ERROR | خطا در پردازش: Python type numpy.int64 cannot be converted
2025-11-14 14:31:39,426 | ERROR | خطا در پردازش: Python type numpy.int64 cannot be converted
2025-11-14 14:31:39,453 | ERROR | خطا در پردازش: Python type numpy.int64 cannot be converted
2025-11-14 14:31:39,483 | ERROR | خطا در پردازش: Python type numpy.int64 cannot be converted
2025-11-14 14:31:39,518 | ERROR | خطا در پردازش: Python type numpy.int64 cannot be converted
2025-11-14 14:31:39,550 | ERROR | خطا در پردازش: Python type numpy.int64 cannot be converted
2025-11-14 14:31:39,578 | ERROR | خطا در پردازش: Python type numpy.int64 cannot be converted
2025-11-14 14:31:39,616 | ERROR | خطا در پردازش: Python type numpy.int64 cannot be converted
2025-11-14 14:31:39,659 | ERROR | خطا در پردازش: Python type numpy.int64 cannot be converted
2025-11-14 14:31:39,694 | ERROR | خطا در پردازش: Python type numpy.int64 cannot be converted
2025-11-14 14:31:39,735 | ERROR | خطا در پردازش: Python type numpy.int64 cannot be converted
2025-11-14 14:31:39,749 | ERROR | خطا در پردازش: Python type numpy.int64 cannot be converted
2025-11-14 14:31:39,798 | ERROR | خطا در پردازش: Python type numpy.int64 cannot be converted
2025-11-14 14:31:39,841 | ERROR | خطا در پردازش: Python type numpy.int64 cannot be converted
2025-11-14 14:31:39,871 | ERROR | خطا در پردازش: Python type numpy.int64 cannot be converted
2025-11-14 14:31:39,902 | ERROR | خطا در پردازش: Python type numpy.int64 cannot be converted
2025-11-14 14:31:39,926 | ERROR | خطا در پردازش: Python type numpy.int64 cannot be converted
2025-11-14 14:31:39,944 | ERROR | خطا در پردازش: Python type numpy.int64 cannot be converted
2025-11-14 14:31:39,964 | ERROR | خطا در پردازش: Python type numpy.int64 cannot be converted
2025-11-14 14:31:39,985 | ERROR | خطا در پردازش: Python type numpy.int64 cannot be converted
2025-11-14 14:31:40,025 | ERROR | خطا در پردازش: Python type numpy.int64 cannot be converted
2025-11-14 14:31:40,060 | ERROR | خطا در پردازش: Python type numpy.int64 cannot be converted
2025-11-14 14:31:40,081 | ERROR | خطا در پردازش: Python type numpy.int64 cannot be converted
2025-11-14 14:31:40,121 | ERROR | خطا در پردازش: Python type numpy.int64 cannot be converted
2025-11-14 14:31:40,146 | ERROR | خطا در پردازش: Python type numpy.int64 cannot be converted
2025-11-14 14:31:40,183 | ERROR | خطا در پردازش: Python type numpy.int64 cannot be converted
2025-11-14 14:31:40,197 | ERROR | خطا در پردازش: Python type numpy.int64 cannot be converted
2025-11-14 14:31:40,237 | ERROR | خطا در پردازش: Python type numpy.int64 cannot be converted
2025-11-14 14:31:40,247 | ERROR | خطا در پردازش: Python type numpy.int64 cannot be converted
2025-11-14 14:31:40,286 | ERROR | خطا در پردازش: Python type numpy.int64 cannot be converted
2025-11-14 14:31:40,297 | ERROR | خطا در پردازش: Python type numpy.int64 cannot be converted
2025-11-14 14:31:40,338 | ERROR | خطا در پردازش: Python type numpy.int64 cannot be converted
2025-11-14 14:31:40,518 | ERROR | خطا در پردازش: Python type numpy.int64 cannot be converted
2025-11-14 14:31:40,572 | ERROR | خطا در پردازش: Python type numpy.int64 cannot be converted
2025-11-14 14:31:40,597 | ERROR | خطا در پردازش: Python type numpy.int64 cannot be converted
2025-11-14 14:31:40,625 | ERROR | خطا در پردازش: Python type numpy.int64 cannot be converted
2025-11-14 14:31:40,655 | ERROR | خطا در پردازش: Python type numpy.int64 cannot be converted
2025-11-14 14:31:40,682 | ERROR | خطا در پردازش: Python type numpy.int64 cannot be converted
2025-11-14 14:31:40,725 | ERROR | خطا در پردازش: Python type numpy.int64 cannot be converted
2025-11-14 14:31:40,747 | ERROR | خطا در پردازش: Python type numpy.int64 cannot be converted
2025-11-14 14:31:40,782 | ERROR | خطا در پردازش: Python type numpy.int64 cannot be converted
2025-11-14 14:31:40,805 | ERROR | خطا در پردازش: Python type numpy.int64 cannot be converted
2025-11-14 14:31:40,838 | ERROR | خطا در پردازش: Python type numpy.int64 cannot be converted
2025-11-14 14:31:40,847 | ERROR | خطا در پردازش: Python type numpy.int64 cannot be converted
2025-11-14 14:31:40,890 | ERROR | خطا در پردازش: Python type numpy.int64 cannot be converted
2025-11-14 14:31:40,915 | ERROR | خطا در پردازش: Python type numpy.int64 cannot be converted
2025-11-14 14:31:40,943 | ERROR | خطا در پردازش: Python type numpy.int64 cannot be converted
2025-11-14 14:31:40,971 | ERROR | خطا در پردازش: Python type numpy.int64 cannot be converted
2025-11-14 14:31:40,999 | ERROR | خطا در پردازش: Python type numpy.int64 cannot be converted
2025-11-14 14:31:41,025 | ERROR | خطا در پردازش: Python type numpy.int64 cannot be converted
2025-11-14 14:31:41,055 | ERROR | خطا در پردازش: Python type numpy.int64 cannot be converted
2025-11-14 14:31:41,075 | ERROR | خطا در پردازش: Python type numpy.int64 cannot be converted
2025-11-14 14:31:41,082 | ERROR | خطا در پردازش: Python type numpy.int64 cannot be converted
2025-11-14 14:31:41,133 | ERROR | خطا در پردازش: Python type numpy.int64 cannot be converted
2025-11-14 14:31:41,174 | ERROR | خطا در پردازش: Python type numpy.int64 cannot be converted
2025-11-14 14:31:41,208 | ERROR | خطا در پردازش: Python type numpy.int64 cannot be converted
2025-11-14 14:31:41,232 | ERROR | خطا در پردازش: Python type numpy.int64 cannot be converted
2025-11-14 14:31:41,267 | ERROR | خطا در پردازش: Python type numpy.int64 cannot be converted
2025-11-14 14:31:41,303 | ERROR | خطا در پردازش: Python type numpy.int64 cannot be converted
2025-11-14 14:31:41,328 | ERROR | خطا در پردازش: Python type numpy.int64 cannot be converted
2025-11-14 14:31:41,361 | ERROR | خطا در پردازش: Python type numpy.int64 cannot be converted
2025-11-14 14:31:41,381 | ERROR | خطا در پردازش: Python type numpy.int64 cannot be converted
2025-11-14 14:31:41,433 | ERROR | خطا در پردازش: Python type numpy.int64 cannot be converted
2025-11-14 14:31:41,472 | ERROR | خطا در پردازش: Python type numpy.int64 cannot be converted
2025-11-14 14:31:41,511 | ERROR | خطا در پردازش: Python type numpy.int64 cannot be converted
2025-11-14 14:31:41,531 | ERROR | خطا در پردازش: Python type numpy.int64 cannot be converted
2025-11-14 14:31:41,575 | ERROR | خطا در پردازش: Python type numpy.int64 cannot be converted
2025-11-14 14:31:41,598 | ERROR | خطا در پردازش: Python type numpy.int64 cannot be converted
2025-11-14 14:31:41,623 | ERROR | خطا در پردازش: Python type numpy.int64 cannot be converted
2025-11-14 14:31:41,648 | ERROR | خطا در پردازش: Python type numpy.int64 cannot be converted
2025-11-14 14:31:41,685 | ERROR | خطا در پردازش: Python type numpy.int64 cannot be converted
2025-11-14 14:31:41,710 | ERROR | خطا در پردازش: Python type numpy.int64 cannot be converted
2025-11-14 14:31:41,740 | ERROR | خطا در پردازش: Python type numpy.int64 cannot be converted
2025-11-14 14:31:41,762 | ERROR | خطا در پردازش: Python type numpy.int64 cannot be converted
2025-11-14 14:31:41,791 | ERROR | خطا در پردازش: Python type numpy.int64 cannot be converted
2025-11-14 14:31:41,829 | ERROR | خطا در پردازش: Python type numpy.int64 cannot be converted
2025-11-14 14:31:41,847 | ERROR | خطا در پردازش: Python type numpy.int64 cannot be converted
2025-11-14 14:31:41,885 | ERROR | خطا در پردازش: Python type numpy.int64 cannot be converted
2025-11-14 14:31:41,910 | ERROR | خطا در پردازش: Python type numpy.int64 cannot be converted
2025-11-14 14:31:41,936 | ERROR | خطا در پردازش: Python type numpy.int64 cannot be converted
2025-11-14 14:31:41,958 | ERROR | خطا در پردازش: Python type numpy.int64 cannot be converted
2025-11-14 14:31:41,989 | ERROR | خطا در پردازش: Python type numpy.int64 cannot be converted
2025-11-14 14:31:42,013 | ERROR | خطا در پردازش: Python type numpy.int64 cannot be converted
2025-11-14 14:31:42,032 | ERROR | خطا در پردازش: Python type numpy.int64 cannot be converted
2025-11-14 14:31:42,070 | ERROR | خطا در پردازش: Python type numpy.int64 cannot be converted
2025-11-14 14:31:42,096 | ERROR | خطا در پردازش: Python type numpy.int64 cannot be converted
2025-11-14 14:31:42,172 | ERROR | خطا در پردازش: Python type numpy.int64 cannot be converted
2025-11-14 14:31:42,188 | ERROR | خطا در پردازش: Python type numpy.int64 cannot be converted
2025-11-14 14:31:42,226 | ERROR | خطا در پردازش: Python type numpy.int64 cannot be converted
2025-11-14 14:31:42,231 | ERROR | خطا در پردازش: Python type numpy.int64 cannot be converted
2025-11-14 14:31:42,276 | ERROR | خطا در پردازش: Python type numpy.int64 cannot be converted
2025-11-14 14:31:42,324 | ERROR | خطا در پردازش: Python type numpy.int64 cannot be converted
2025-11-14 14:31:42,398 | ERROR | خطا در پردازش: Python type numpy.int64 cannot be converted
2025-11-14 14:31:42,489 | ERROR | خطا در پردازش: Python type numpy.int64 cannot be converted
2025-11-14 14:31:42,523 | ERROR | خطا در پردازش: Python type numpy.int64 cannot be converted
2025-11-14 14:31:42,545 | ERROR | خطا در پردازش: Python type numpy.int64 cannot be converted
2025-11-14 14:31:42,569 | ERROR | خطا در پردازش: Python type numpy.int64 cannot be converted
2025-11-14 14:31:42,593 | ERROR | خطا در پردازش: Python type numpy.int64 cannot be converted
2025-11-14 14:31:42,618 | ERROR | خطا در پردازش: Python type numpy.int64 cannot be converted
2025-11-14 14:31:42,642 | ERROR | خطا در پردازش: Python type numpy.int64 cannot be converted
2025-11-14 14:31:42,673 | ERROR | خطا در پردازش: Python type numpy.int64 cannot be converted
2025-11-14 14:31:42,698 | ERROR | خطا در پردازش: Python type numpy.int64 cannot be converted
2025-11-14 14:31:42,727 | ERROR | خطا در پردازش: Python type numpy.int64 cannot be converted
2025-11-14 14:31:42,772 | ERROR | خطا در پردازش: Python type numpy.int64 cannot be converted
2025-11-14 14:31:42,806 | ERROR | خطا در پردازش: Python type numpy.int64 cannot be converted
2025-11-14 14:31:42,832 | ERROR | خطا در پردازش: Python type numpy.int64 cannot be converted
2025-11-14 14:31:42,865 | ERROR | خطا در پردازش: Python type numpy.int64 cannot be converted
2025-11-14 14:31:42,882 | ERROR | خطا در پردازش: Python type numpy.int64 cannot be converted
2025-11-14 14:31:42,921 | ERROR | خطا در پردازش: Python type numpy.int64 cannot be converted
2025-11-14 14:31:42,946 | ERROR | خطا در پردازش: Python type numpy.int64 cannot be converted
2025-11-14 14:31:42,973 | ERROR | خطا در پردازش: Python type numpy.int64 cannot be converted
2025-11-14 14:31:43,009 | ERROR | خطا در پردازش: Python type numpy.int64 cannot be converted
2025-11-14 14:31:43,035 | ERROR | خطا در پردازش: Python type numpy.int64 cannot be converted
2025-11-14 14:31:43,059 | ERROR | خطا در پردازش: Python type numpy.int64 cannot be converted
2025-11-14 14:31:43,082 | ERROR | خطا در پردازش: Python type numpy.int64 cannot be converted
2025-11-14 14:31:43,121 | ERROR | خطا در پردازش: Python type numpy.int64 cannot be converted
2025-11-14 14:31:43,144 | ERROR | خطا در پردازش: Python type numpy.int64 cannot be converted
2025-11-14 14:31:43,167 | ERROR | خطا در پردازش: Python type numpy.int64 cannot be converted
2025-11-14 14:31:43,192 | ERROR | خطا در پردازش: Python type numpy.int64 cannot be converted
2025-11-14 14:31:43,220 | ERROR | خطا در پردازش: Python type numpy.int64 cannot be converted
2025-11-14 14:31:43,249 | ERROR | خطا در پردازش: Python type numpy.int64 cannot be converted
2025-11-14 14:31:43,274 | ERROR | خطا در پردازش: Python type numpy.int64 cannot be converted
2025-11-14 14:31:43,309 | ERROR | خطا در پردازش: Python type numpy.int64 cannot be converted
2025-11-14 14:31:43,342 | ERROR | خطا در پردازش: Python type numpy.int64 cannot be converted
2025-11-14 14:31:43,366 | ERROR | خطا در پردازش: Python type numpy.int64 cannot be converted
2025-11-14 14:31:43,405 | ERROR | خطا در پردازش: Python type numpy.int64 cannot be converted
2025-11-14 14:31:43,416 | ERROR | خطا در پردازش: Python type numpy.int64 cannot be converted
2025-11-14 14:31:43,462 | ERROR | خطا در پردازش: Python type numpy.int64 cannot be converted
2025-11-14 14:31:43,490 | ERROR | خطا در پردازش: Python type numpy.int64 cannot be converted
2025-11-14 14:31:43,542 | ERROR | خطا در پردازش: Python type numpy.int64 cannot be converted
2025-11-14 14:31:43,573 | ERROR | خطا در پردازش: Python type numpy.int64 cannot be converted
2025-11-14 14:31:43,596 | ERROR | خطا در پردازش: Python type numpy.int64 cannot be converted
2025-11-14 14:31:43,624 | ERROR | خطا در پردازش: Python type numpy.int64 cannot be converted
2025-11-14 14:31:43,669 | ERROR | خطا در پردازش: Python type numpy.int64 cannot be converted
2025-11-14 14:31:43,734 | ERROR | خطا در پردازش: Python type numpy.int64 cannot be converted
2025-11-14 14:31:43,766 | ERROR | خطا در پردازش: Python type numpy.int64 cannot be converted
2025-11-14 14:31:43,791 | ERROR | خطا در پردازش: Python type numpy.int64 cannot be converted
2025-11-14 14:31:43,823 | ERROR | خطا در پردازش: Python type numpy.int64 cannot be converted
2025-11-14 14:31:43,852 | ERROR | خطا در پردازش: Python type numpy.int64 cannot be converted
2025-11-14 14:31:43,878 | ERROR | خطا در پردازش: Python type numpy.int64 cannot be converted
2025-11-14 14:31:43,909 | ERROR | خطا در پردازش: Python type numpy.int64 cannot be converted
2025-11-14 14:31:43,929 | ERROR | خطا در پردازش: Python type numpy.int64 cannot be converted
2025-11-14 14:31:43,958 | ERROR | خطا در پردازش: Python type numpy.int64 cannot be converted
2025-11-14 14:31:43,991 | ERROR | خطا در پردازش: Python type numpy.int64 cannot be converted
2025-11-14 14:31:44,028 | ERROR | خطا در پردازش: Python type numpy.int64 cannot be converted
2025-11-14 14:31:44,058 | ERROR | خطا در پردازش: Python type numpy.int64 cannot be converted
2025-11-14 14:31:44,091 | ERROR | خطا در پردازش: Python type numpy.int64 cannot be converted
2025-11-14 14:31:44,115 | ERROR | خطا در پردازش: Python type numpy.int64 cannot be converted
2025-11-14 14:31:44,152 | ERROR | خطا در پردازش: Python type numpy.int64 cannot be converted
2025-11-14 14:31:44,177 | ERROR | خطا در پردازش: Python type numpy.int64 cannot be converted
2025-11-14 14:31:44,209 | ERROR | خطا در پردازش: Python type numpy.int64 cannot be converted
2025-11-14 14:31:44,235 | ERROR | خطا در پردازش: Python type numpy.int64 cannot be converted
2025-11-14 14:31:44,256 | ERROR | خطا در پردازش: Python type numpy.int64 cannot be converted
2025-11-14 14:31:44,289 | ERROR | خطا در پردازش: Python type numpy.int64 cannot be converted
2025-11-14 14:31:44,316 | ERROR | خطا در پردازش: Python type numpy.int64 cannot be converted
2025-11-14 14:31:44,419 | ERROR | خطا در پردازش: Python type numpy.int64 cannot be converted
2025-11-14 14:31:44,554 | ERROR | خطا در پردازش: Python type numpy.int64 cannot be converted
2025-11-14 14:31:44,565 | ERROR | خطا در پردازش: Python type numpy.int64 cannot be converted
2025-11-14 14:31:44,604 | ERROR | خطا در پردازش: Python type numpy.int64 cannot be converted
2025-11-14 14:31:44,615 | ERROR | خطا در پردازش: Python type numpy.int64 cannot be converted
2025-11-14 14:31:44,657 | ERROR | خطا در پردازش: Python type numpy.int64 cannot be converted
2025-11-14 14:31:44,665 | ERROR | خطا در پردازش: Python type numpy.int64 cannot be converted
2025-11-14 14:31:44,704 | ERROR | خطا در پردازش: Python type numpy.int64 cannot be converted
2025-11-14 14:31:44,734 | ERROR | خطا در پردازش: Python type numpy.int64 cannot be converted
2025-11-14 14:31:44,761 | ERROR | خطا در پردازش: Python type numpy.int64 cannot be converted
2025-11-14 14:31:44,785 | ERROR | خطا در پردازش: Python type numpy.int64 cannot be converted
2025-11-14 14:31:44,812 | ERROR | خطا در پردازش: Python type numpy.int64 cannot be converted
2025-11-14 14:31:44,842 | ERROR | خطا در پردازش: Python type numpy.int64 cannot be converted
2025-11-14 14:31:44,865 | ERROR | خطا در پردازش: Python type numpy.int64 cannot be converted
2025-11-14 14:31:44,900 | ERROR | خطا در پردازش: Python type numpy.int64 cannot be converted
2025-11-14 14:31:44,926 | ERROR | خطا در پردازش: Python type numpy.int64 cannot be converted
2025-11-14 14:31:44,963 | ERROR | خطا در پردازش: Python type numpy.int64 cannot be converted
2025-11-14 14:31:44,982 | ERROR | خطا در پردازش: Python type numpy.int64 cannot be converted
2025-11-14 14:31:45,022 | ERROR | خطا در پردازش: Python type numpy.int64 cannot be converted
2025-11-14 14:31:45,045 | ERROR | خطا در پردازش: Python type numpy.int64 cannot be converted
2025-11-14 14:31:45,073 | ERROR | خطا در پردازش: Python type numpy.int64 cannot be converted
2025-11-14 14:31:45,106 | ERROR | خطا در پردازش: Python type numpy.int64 cannot be converted
2025-11-14 14:31:45,130 | ERROR | خطا در پردازش: Python type numpy.int64 cannot be converted
2025-11-14 14:31:45,157 | ERROR | خطا در پردازش: Python type numpy.int64 cannot be converted
2025-11-14 14:31:45,188 | ERROR | خطا در پردازش: Python type numpy.int64 cannot be converted
2025-11-14 14:31:45,218 | ERROR | خطا در پردازش: Python type numpy.int64 cannot be converted
2025-11-14 14:31:45,242 | ERROR | خطا در پردازش: Python type numpy.int64 cannot be converted
2025-11-14 14:31:45,299 | ERROR | خطا در پردازش: Python type numpy.int64 cannot be converted
2025-11-14 14:31:45,315 | ERROR | خطا در پردازش: Python type numpy.int64 cannot be converted
2025-11-14 14:31:45,352 | ERROR | خطا در پردازش: Python type numpy.int64 cannot be converted
2025-11-14 14:31:45,370 | ERROR | خطا در پردازش: Python type numpy.int64 cannot be converted
2025-11-14 14:31:45,407 | ERROR | خطا در پردازش: Python type numpy.int64 cannot be converted
2025-11-14 14:31:45,434 | ERROR | خطا در پردازش: Python type numpy.int64 cannot be converted
2025-11-14 14:31:45,463 | ERROR | خطا در پردازش: Python type numpy.int64 cannot be converted
2025-11-14 14:31:45,504 | ERROR | خطا در پردازش: Python type numpy.int64 cannot be converted
2025-11-14 14:31:45,515 | ERROR | خطا در پردازش: Python type numpy.int64 cannot be converted
2025-11-14 14:31:45,549 | ERROR | خطا در پردازش: Python type numpy.int64 cannot be converted
2025-11-14 14:31:45,583 | ERROR | خطا در پردازش: Python type numpy.int64 cannot be converted
2025-11-14 14:31:45,598 | ERROR | خطا در پردازش: Python type numpy.int64 cannot be converted
2025-11-14 14:31:45,636 | ERROR | خطا در پردازش: Python type numpy.int64 cannot be converted
2025-11-14 14:31:45,649 | ERROR | خطا در پردازش: Python type numpy.int64 cannot be converted
2025-11-14 14:31:45,692 | ERROR | خطا در پردازش: Python type numpy.int64 cannot be converted
2025-11-14 14:31:45,698 | ERROR | خطا در پردازش: Python type numpy.int64 cannot be converted
2025-11-14 14:31:45,757 | ERROR | خطا در پردازش: Python type numpy.int64 cannot be converted
2025-11-14 14:31:45,777 | ERROR | خطا در پردازش: Python type numpy.int64 cannot be converted
2025-11-14 14:31:45,801 | ERROR | خطا در پردازش: Python type numpy.int64 cannot be converted
2025-11-14 14:31:45,826 | ERROR | خطا در پردازش: Python type numpy.int64 cannot be converted
2025-11-14 14:31:45,852 | ERROR | خطا در پردازش: Python type numpy.int64 cannot be converted
2025-11-14 14:31:45,874 | ERROR | خطا در پردازش: Python type numpy.int64 cannot be converted
2025-11-14 14:31:45,898 | ERROR | خطا در پردازش: Python type numpy.int64 cannot be converted
2025-11-14 14:31:45,936 | ERROR | خطا در پردازش: Python type numpy.int64 cannot be converted
2025-11-14 14:31:45,960 | ERROR | خطا در پردازش: Python type numpy.int64 cannot be converted
2025-11-14 14:31:45,992 | ERROR | خطا در پردازش: Python type numpy.int64 cannot be converted
2025-11-14 14:31:45,998 | ERROR | خطا در پردازش: Python type numpy.int64 cannot be converted
2025-11-14 14:31:46,035 | ERROR | خطا در پردازش: Python type numpy.int64 cannot be converted
2025-11-14 14:31:46,057 | ERROR | خطا در پردازش: Python type numpy.int64 cannot be converted
2025-11-14 14:31:46,087 | ERROR | خطا در پردازش: Python type numpy.int64 cannot be converted
2025-11-14 14:31:46,098 | ERROR | خطا در پردازش: Python type numpy.int64 cannot be converted
2025-11-14 14:31:46,135 | ERROR | خطا در پردازش: Python type numpy.int64 cannot be converted
2025-11-14 14:31:46,149 | ERROR | خطا در پردازش: Python type numpy.int64 cannot be converted
2025-11-14 14:31:46,191 | ERROR | خطا در پردازش: Python type numpy.int64 cannot be converted
2025-11-14 14:31:46,223 | ERROR | خطا در پردازش: Python type numpy.int64 cannot be converted
2025-11-14 14:31:46,246 | ERROR | خطا در پردازش: Python type numpy.int64 cannot be converted
2025-11-14 14:31:46,271 | ERROR | خطا در پردازش: Python type numpy.int64 cannot be converted
2025-11-14 14:31:46,305 | ERROR | خطا در پردازش: Python type numpy.int64 cannot be converted
2025-11-14 14:31:46,388 | ERROR | خطا در پردازش: Python type numpy.int64 cannot be converted
2025-11-14 14:31:46,449 | ERROR | خطا در پردازش: Python type numpy.int64 cannot be converted
2025-11-14 14:31:46,507 | ERROR | خطا در پردازش: Python type numpy.int64 cannot be converted
2025-11-14 14:31:46,533 | ERROR | خطا در پردازش: Python type numpy.int64 cannot be converted
2025-11-14 14:31:46,558 | ERROR | خطا در پردازش: Python type numpy.int64 cannot be converted
2025-11-14 14:31:46,582 | ERROR | خطا در پردازش: Python type numpy.int64 cannot be converted
2025-11-14 14:31:46,618 | ERROR | خطا در پردازش: Python type numpy.int64 cannot be converted
2025-11-14 14:31:46,642 | ERROR | خطا در پردازش: Python type numpy.int64 cannot be converted
2025-11-14 14:31:46,649 | ERROR | خطا در پردازش: Python type numpy.int64 cannot be converted
2025-11-14 14:31:46,695 | ERROR | خطا در پردازش: Python type numpy.int64 cannot be converted
2025-11-14 14:31:46,718 | ERROR | خطا در پردازش: Python type numpy.int64 cannot be converted
2025-11-14 14:31:46,759 | ERROR | خطا در پردازش: Python type numpy.int64 cannot be converted
2025-11-14 14:31:46,790 | ERROR | خطا در پردازش: Python type numpy.int64 cannot be converted
2025-11-14 14:31:46,815 | ERROR | خطا در پردازش: Python type numpy.int64 cannot be converted
2025-11-14 14:31:46,840 | ERROR | خطا در پردازش: Python type numpy.int64 cannot be converted
2025-11-14 14:31:46,873 | ERROR | خطا در پردازش: Python type numpy.int64 cannot be converted
2025-11-14 14:31:46,899 | ERROR | خطا در پردازش: Python type numpy.int64 cannot be converted
2025-11-14 14:31:46,916 | ERROR | خطا در پردازش: Python type numpy.int64 cannot be converted
2025-11-14 14:31:46,950 | ERROR | خطا در پردازش: Python type numpy.int64 cannot be converted
2025-11-14 14:31:47,019 | ERROR | خطا در پردازش: Python type numpy.int64 cannot be converted
2025-11-14 14:31:47,032 | ERROR | خطا در پردازش: Python type numpy.int64 cannot be converted
2025-11-14 14:31:47,069 | ERROR | خطا در پردازش: Python type numpy.int64 cannot be converted
2025-11-14 14:31:47,093 | ERROR | خطا در پردازش: Python type numpy.int64 cannot be converted
2025-11-14 14:31:47,117 | ERROR | خطا در پردازش: Python type numpy.int64 cannot be converted
2025-11-14 14:31:47,143 | ERROR | خطا در پردازش: Python type numpy.int64 cannot be converted
2025-11-14 14:31:47,169 | ERROR | خطا در پردازش: Python type numpy.int64 cannot be converted
2025-11-14 14:31:47,195 | ERROR | خطا در پردازش: Python type numpy.int64 cannot be converted
2025-11-14 14:31:47,228 | ERROR | خطا در پردازش: Python type numpy.int64 cannot be converted
2025-11-14 14:31:47,250 | ERROR | خطا در پردازش: Python type numpy.int64 cannot be converted
2025-11-14 14:31:47,284 | ERROR | خطا در پردازش: Python type numpy.int64 cannot be converted
2025-11-14 14:31:47,309 | ERROR | خطا در پردازش: Python type numpy.int64 cannot be converted
2025-11-14 14:31:47,332 | ERROR | خطا در پردازش: Python type numpy.int64 cannot be converted
2025-11-14 14:31:47,368 | ERROR | خطا در پردازش: Python type numpy.int64 cannot be converted
2025-11-14 14:31:47,393 | ERROR | خطا در پردازش: Python type numpy.int64 cannot be converted
2025-11-14 14:31:47,417 | ERROR | خطا در پردازش: Python type numpy.int64 cannot be converted
2025-11-14 14:31:47,443 | ERROR | خطا در پردازش: Python type numpy.int64 cannot be converted
2025-11-14 14:31:47,473 | ERROR | خطا در پردازش: Python type numpy.int64 cannot be converted
2025-11-14 14:31:47,497 | ERROR | خطا در پردازش: Python type numpy.int64 cannot be converted
2025-11-14 14:31:47,536 | ERROR | خطا در پردازش: Python type numpy.int64 cannot be converted
2025-11-14 14:31:47,549 | ERROR | خطا در پردازش: Python type numpy.int64 cannot be converted
2025-11-14 14:31:47,590 | ERROR | خطا در پردازش: Python type numpy.int64 cannot be converted
2025-11-14 14:31:47,613 | ERROR | خطا در پردازش: Python type numpy.int64 cannot be converted
2025-11-14 14:31:47,638 | ERROR | خطا در پردازش: Python type numpy.int64 cannot be converted
2025-11-14 14:31:47,668 | ERROR | خطا در پردازش: Python type numpy.int64 cannot be converted
2025-11-14 14:31:47,682 | ERROR | خطا در پردازش: Python type numpy.int64 cannot be converted
2025-11-14 14:31:47,723 | ERROR | خطا در پردازش: Python type numpy.int64 cannot be converted
2025-11-14 14:31:47,750 | ERROR | خطا در پردازش: Python type numpy.int64 cannot be converted
2025-11-14 14:31:47,773 | ERROR | خطا در پردازش: Python type numpy.int64 cannot be converted
2025-11-14 14:31:47,811 | ERROR | خطا در پردازش: Python type numpy.int64 cannot be converted
2025-11-14 14:31:47,832 | ERROR | خطا در پردازش: Python type numpy.int64 cannot be converted
2025-11-14 14:31:47,868 | ERROR | خطا در پردازش: Python type numpy.int64 cannot be converted
2025-11-14 14:31:47,895 | ERROR | خطا در پردازش: Python type numpy.int64 cannot be converted
2025-11-14 14:31:47,926 | ERROR | خطا در پردازش: Python type numpy.int64 cannot be converted
2025-11-14 14:31:47,957 | ERROR | خطا در پردازش: Python type numpy.int64 cannot be converted
2025-11-14 14:31:47,985 | ERROR | خطا در پردازش: Python type numpy.int64 cannot be converted
2025-11-14 14:31:48,021 | ERROR | خطا در پردازش: Python type numpy.int64 cannot be converted
2025-11-14 14:31:48,050 | ERROR | خطا در پردازش: Python type numpy.int64 cannot be converted
2025-11-14 14:31:48,072 | ERROR | خطا در پردازش: Python type numpy.int64 cannot be converted
2025-11-14 14:31:48,162 | ERROR | خطا در پردازش: Python type numpy.int64 cannot be converted
2025-11-14 14:31:48,221 | ERROR | خطا در پردازش: Python type numpy.int64 cannot be converted
2025-11-14 14:31:48,288 | ERROR | خطا در پردازش: Python type numpy.int64 cannot be converted
2025-11-14 14:31:48,339 | ERROR | خطا در پردازش: Python type numpy.int64 cannot be converted
2025-11-14 14:31:48,349 | ERROR | خطا در پردازش: Python type numpy.int64 cannot be converted
2025-11-14 14:31:48,383 | ERROR | خطا در پردازش: Python type numpy.int64 cannot be converted
2025-11-14 14:31:48,420 | ERROR | خطا در پردازش: Python type numpy.int64 cannot be converted
2025-11-14 14:31:48,436 | ERROR | خطا در پردازش: Python type numpy.int64 cannot be converted
2025-11-14 14:31:48,477 | ERROR | خطا در پردازش: Python type numpy.int64 cannot be converted
2025-11-14 14:31:48,507 | ERROR | خطا در پردازش: Python type numpy.int64 cannot be converted
2025-11-14 14:31:48,540 | ERROR | خطا در پردازش: Python type numpy.int64 cannot be converted
2025-11-14 14:31:48,621 | ERROR | خطا در پردازش: Python type numpy.int64 cannot be converted
2025-11-14 14:31:48,652 | ERROR | خطا در پردازش: Python type numpy.int64 cannot be converted
2025-11-14 14:31:48,666 | ERROR | خطا در پردازش: Python type numpy.int64 cannot be converted
2025-11-14 14:31:48,700 | ERROR | خطا در پردازش: Python type numpy.int64 cannot be converted
2025-11-14 14:31:48,716 | ERROR | خطا در پردازش: Python type numpy.int64 cannot be converted
2025-11-14 14:31:48,756 | ERROR | خطا در پردازش: Python type numpy.int64 cannot be converted
2025-11-14 14:31:48,783 | ERROR | خطا در پردازش: Python type numpy.int64 cannot be converted
2025-11-14 14:31:48,799 | ERROR | خطا در پردازش: Python type numpy.int64 cannot be converted
2025-11-14 14:31:48,835 | ERROR | خطا در پردازش: Python type numpy.int64 cannot be converted
2025-11-14 14:31:48,860 | ERROR | خطا در پردازش: Python type numpy.int64 cannot be converted
2025-11-14 14:31:48,882 | ERROR | خطا در پردازش: Python type numpy.int64 cannot be converted
2025-11-14 14:31:48,921 | ERROR | خطا در پردازش: Python type numpy.int64 cannot be converted
2025-11-14 14:31:48,945 | ERROR | خطا در پردازش: Python type numpy.int64 cannot be converted
2025-11-14 14:31:48,969 | ERROR | خطا در پردازش: Python type numpy.int64 cannot be converted
2025-11-14 14:31:48,991 | ERROR | خطا در پردازش: Python type numpy.int64 cannot be converted
2025-11-14 14:31:49,022 | ERROR | خطا در پردازش: Python type numpy.int64 cannot be converted
2025-11-14 14:31:49,033 | ERROR | خطا در پردازش: Python type numpy.int64 cannot be converted
2025-11-14 14:31:49,075 | ERROR | خطا در پردازش: Python type numpy.int64 cannot be converted
2025-11-14 14:31:49,086 | ERROR | خطا در پردازش: Python type numpy.int64 cannot be converted
2025-11-14 14:31:49,214 | ERROR | خطا در پردازش: Python type numpy.int64 cannot be converted
2025-11-14 14:31:49,266 | ERROR | خطا در پردازش: Python type numpy.int64 cannot be converted
2025-11-14 14:31:49,355 | ERROR | خطا در پردازش: Python type numpy.int64 cannot be converted
2025-11-14 14:31:49,394 | ERROR | خطا در پردازش: Python type numpy.int64 cannot be converted
2025-11-14 14:31:49,451 | ERROR | خطا در پردازش: Python type numpy.int64 cannot be converted
2025-11-14 14:31:49,523 | ERROR | خطا در پردازش: Python type numpy.int64 cannot be converted
2025-11-14 14:31:49,573 | ERROR | خطا در پردازش: Python type numpy.int64 cannot be converted
2025-11-14 14:31:49,618 | ERROR | خطا در پردازش: Python type numpy.int64 cannot be converted
2025-11-14 14:31:49,655 | ERROR | خطا در پردازش: Python type numpy.int64 cannot be converted
2025-11-14 14:31:49,703 | ERROR | خطا در پردازش: Python type numpy.int64 cannot be converted
2025-11-14 14:31:49,773 | ERROR | خطا در پردازش: Python type numpy.int64 cannot be converted
2025-11-14 14:31:49,826 | ERROR | خطا در پردازش: Python type numpy.int64 cannot be converted
2025-11-14 14:31:49,875 | ERROR | خطا در پردازش: Python type numpy.int64 cannot be converted
2025-11-14 14:31:50,089 | ERROR | خطا در پردازش: Python type numpy.int64 cannot be converted
2025-11-14 14:31:50,217 | ERROR | خطا در پردازش: Python type numpy.int64 cannot be converted
2025-11-14 14:31:50,274 | ERROR | خطا در پردازش: Python type numpy.int64 cannot be converted
2025-11-14 14:31:50,299 | ERROR | خطا در پردازش: Python type numpy.int64 cannot be converted
2025-11-14 14:31:50,322 | ERROR | خطا در پردازش: Python type numpy.int64 cannot be converted
2025-11-14 14:31:50,354 | ERROR | خطا در پردازش: Python type numpy.int64 cannot be converted
2025-11-14 14:31:50,377 | ERROR | خطا در پردازش: Python type numpy.int64 cannot be converted
2025-11-14 14:31:50,402 | ERROR | خطا در پردازش: Python type numpy.int64 cannot be converted
2025-11-14 14:31:50,426 | ERROR | خطا در پردازش: Python type numpy.int64 cannot be converted
2025-11-14 14:31:50,433 | ERROR | خطا در پردازش: Python type numpy.int64 cannot be converted
2025-11-14 14:31:50,480 | ERROR | خطا در پردازش: Python type numpy.int64 cannot be converted
2025-11-14 14:31:50,518 | ERROR | خطا در پردازش: Python type numpy.int64 cannot be converted
2025-11-14 14:31:50,549 | ERROR | خطا در پردازش: Python type numpy.int64 cannot be converted
2025-11-14 14:31:50,575 | ERROR | خطا در پردازش: Python type numpy.int64 cannot be converted
2025-11-14 14:31:50,605 | ERROR | خطا در پردازش: Python type numpy.int64 cannot be converted
2025-11-14 14:31:50,629 | ERROR | خطا در پردازش: Python type numpy.int64 cannot be converted
2025-11-14 14:31:50,687 | ERROR | خطا در پردازش: Python type numpy.int64 cannot be converted
2025-11-14 14:31:50,725 | ERROR | خطا در پردازش: Python type numpy.int64 cannot be converted
2025-11-14 14:31:50,748 | ERROR | خطا در پردازش: Python type numpy.int64 cannot be converted
2025-11-14 14:31:50,772 | ERROR | خطا در پردازش: Python type numpy.int64 cannot be converted
2025-11-14 14:31:50,801 | ERROR | خطا در پردازش: Python type numpy.int64 cannot be converted
2025-11-14 14:31:50,829 | ERROR | خطا در پردازش: Python type numpy.int64 cannot be converted
2025-11-14 14:31:50,856 | ERROR | خطا در پردازش: Python type numpy.int64 cannot be converted
2025-11-14 14:31:50,877 | ERROR | خطا در پردازش: Python type numpy.int64 cannot be converted
2025-11-14 14:31:50,906 | ERROR | خطا در پردازش: Python type numpy.int64 cannot be converted
2025-11-14 14:31:50,934 | ERROR | خطا در پردازش: Python type numpy.int64 cannot be converted
2025-11-14 14:31:50,953 | ERROR | خطا در پردازش: Python type numpy.int64 cannot be converted
2025-11-14 14:31:50,996 | ERROR | خطا در پردازش: Python type numpy.int64 cannot be converted
2025-11-14 14:31:51,030 | ERROR | خطا در پردازش: Python type numpy.int64 cannot be converted
2025-11-14 14:31:51,061 | ERROR | خطا در پردازش: Python type numpy.int64 cannot be converted
2025-11-14 14:31:51,091 | ERROR | خطا در پردازش: Python type numpy.int64 cannot be converted
2025-11-14 14:31:51,121 | ERROR | خطا در پردازش: Python type numpy.int64 cannot be converted
2025-11-14 14:31:51,161 | ERROR | خطا در پردازش: Python type numpy.int64 cannot be converted
2025-11-14 14:31:51,196 | ERROR | خطا در پردازش: Python type numpy.int64 cannot be converted
2025-11-14 14:31:51,224 | ERROR | خطا در پردازش: Python type numpy.int64 cannot be converted
2025-11-14 14:31:51,264 | ERROR | خطا در پردازش: Python type numpy.int64 cannot be converted
2025-11-14 14:31:51,310 | ERROR | خطا در پردازش: Python type numpy.int64 cannot be converted
2025-11-14 14:31:51,355 | ERROR | خطا در پردازش: Python type numpy.int64 cannot be converted
2025-11-14 14:31:51,391 | ERROR | خطا در پردازش: Python type numpy.int64 cannot be converted
2025-11-14 14:31:51,423 | ERROR | خطا در پردازش: Python type numpy.int64 cannot be converted
2025-11-14 14:31:51,468 | ERROR | خطا در پردازش: Python type numpy.int64 cannot be converted
2025-11-14 14:31:51,488 | ERROR | خطا در پردازش: Python type numpy.int64 cannot be converted
2025-11-14 14:31:51,524 | ERROR | خطا در پردازش: Python type numpy.int64 cannot be converted
2025-11-14 14:31:51,605 | ERROR | خطا در پردازش: Python type numpy.int64 cannot be converted
2025-11-14 14:31:51,649 | ERROR | خطا در پردازش: Python type numpy.int64 cannot be converted
2025-11-14 14:31:51,710 | ERROR | خطا در پردازش: Python type numpy.int64 cannot be converted
2025-11-14 14:31:51,753 | ERROR | خطا در پردازش: Python type numpy.int64 cannot be converted
2025-11-14 14:31:51,801 | ERROR | خطا در پردازش: Python type numpy.int64 cannot be converted
2025-11-14 14:31:51,820 | ERROR | خطا در پردازش: Python type numpy.int64 cannot be converted
2025-11-14 14:31:51,854 | ERROR | خطا در پردازش: Python type numpy.int64 cannot be converted
2025-11-14 14:31:51,879 | ERROR | خطا در پردازش: Python type numpy.int64 cannot be converted
2025-11-14 14:31:51,903 | ERROR | خطا در پردازش: Python type numpy.int64 cannot be converted
2025-11-14 14:31:51,924 | ERROR | خطا در پردازش: Python type numpy.int64 cannot be converted
2025-11-14 14:31:55,056 | INFO | 1 رکورد Abnormal به فایل اکسل اضافه شد (کل: 2).
2025-11-14 14:31:55,084 | ERROR | خطا در پردازش: Python type numpy.int64 cannot be converted
2025-11-14 14:31:55,102 | ERROR | خطا در پردازش: Python type numpy.int64 cannot be converted
2025-11-14 14:31:55,136 | ERROR | خطا در پردازش: Python type numpy.int64 cannot be converted
2025-11-14 14:31:55,167 | ERROR | خطا در پردازش: Python type numpy.int64 cannot be converted
2025-11-14 14:31:55,234 | ERROR | خطا در پردازش: Python type numpy.int64 cannot be converted
2025-11-14 14:31:55,256 | ERROR | خطا در پردازش: Python type numpy.int64 cannot be converted
2025-11-14 14:31:55,270 | ERROR | خطا در پردازش: Python type numpy.int64 cannot be converted
2025-11-14 14:31:55,309 | ERROR | خطا در پردازش: Python type numpy.int64 cannot be converted
2025-11-14 14:31:55,334 | ERROR | خطا در پردازش: Python type numpy.int64 cannot be converted
2025-11-14 14:31:55,370 | ERROR | خطا در پردازش: Python type numpy.int64 cannot be converted
2025-11-14 14:31:55,394 | ERROR | خطا در پردازش: Python type numpy.int64 cannot be converted
2025-11-14 14:31:55,418 | ERROR | خطا در پردازش: Python type numpy.int64 cannot be converted
2025-11-14 14:31:55,448 | ERROR | خطا در پردازش: Python type numpy.int64 cannot be converted
2025-11-14 14:31:55,493 | ERROR | خطا در پردازش: Python type numpy.int64 cannot be converted
2025-11-14 14:31:55,524 | ERROR | خطا در پردازش: Python type numpy.int64 cannot be converted
2025-11-14 14:31:55,557 | ERROR | خطا در پردازش: Python type numpy.int64 cannot be converted
2025-11-14 14:31:55,594 | ERROR | خطا در پردازش: Python type numpy.int64 cannot be converted
2025-11-14 14:31:55,634 | ERROR | خطا در پردازش: Python type numpy.int64 cannot be converted
2025-11-14 14:31:55,657 | ERROR | خطا در پردازش: Python type numpy.int64 cannot be converted
2025-11-14 14:31:55,701 | ERROR | خطا در پردازش: Python type numpy.int64 cannot be converted
2025-11-14 14:31:55,739 | ERROR | خطا در پردازش: Python type numpy.int64 cannot be converted
2025-11-14 14:31:55,774 | ERROR | خطا در پردازش: Python type numpy.int64 cannot be converted
2025-11-14 14:31:55,811 | ERROR | خطا در پردازش: Python type numpy.int64 cannot be converted
2025-11-14 14:31:55,839 | ERROR | خطا در پردازش: Python type numpy.int64 cannot be converted
2025-11-14 14:31:55,880 | ERROR | خطا در پردازش: Python type numpy.int64 cannot be converted
2025-11-14 14:31:55,901 | ERROR | خطا در پردازش: Python type numpy.int64 cannot be converted
2025-11-14 14:31:55,937 | ERROR | خطا در پردازش: Python type numpy.int64 cannot be converted
2025-11-14 14:31:55,960 | ERROR | خطا در پردازش: Python type numpy.int64 cannot be converted
2025-11-14 14:31:55,990 | ERROR | خطا در پردازش: Python type numpy.int64 cannot be converted
2025-11-14 14:31:56,020 | ERROR | خطا در پردازش: Python type numpy.int64 cannot be converted
2025-11-14 14:31:56,056 | ERROR | خطا در پردازش: Python type numpy.int64 cannot be converted
2025-11-14 14:31:56,082 | ERROR | خطا در پردازش: Python type numpy.int64 cannot be converted
2025-11-14 14:31:56,145 | ERROR | خطا در پردازش: Python type numpy.int64 cannot be converted
2025-11-14 14:31:56,173 | ERROR | خطا در پردازش: Python type numpy.int64 cannot be converted
2025-11-14 14:31:56,301 | ERROR | خطا در پردازش: Python type numpy.int64 cannot be converted
2025-11-14 14:31:56,368 | ERROR | خطا در پردازش: Python type numpy.int64 cannot be converted
2025-11-14 14:31:56,407 | ERROR | خطا در پردازش: Python type numpy.int64 cannot be converted
2025-11-14 14:31:56,465 | ERROR | خطا در پردازش: Python type numpy.int64 cannot be converted
2025-11-14 14:31:56,513 | ERROR | خطا در پردازش: Python type numpy.int64 cannot be converted
2025-11-14 14:31:56,556 | ERROR | خطا در پردازش: Python type numpy.int64 cannot be converted
2025-11-14 14:31:56,608 | ERROR | خطا در پردازش: Python type numpy.int64 cannot be converted
2025-11-14 14:31:56,634 | ERROR | خطا در پردازش: Python type numpy.int64 cannot be converted
2025-11-14 14:31:56,724 | ERROR | خطا در پردازش: Python type numpy.int64 cannot be converted
2025-11-14 14:31:56,777 | ERROR | خطا در پردازش: Python type numpy.int64 cannot be converted
2025-11-14 14:31:56,833 | ERROR | خطا در پردازش: Python type numpy.int64 cannot be converted
2025-11-14 14:31:56,876 | ERROR | خطا در پردازش: Python type numpy.int64 cannot be converted
2025-11-14 14:31:56,908 | ERROR | خطا در پردازش: Python type numpy.int64 cannot be converted
2025-11-14 14:31:56,952 | ERROR | خطا در پردازش: Python type numpy.int64 cannot be converted
2025-11-14 14:31:57,011 | ERROR | خطا در پردازش: Python type numpy.int64 cannot be converted
2025-11-14 14:31:57,061 | ERROR | خطا در پردازش: Python type numpy.int64 cannot be converted
2025-11-14 14:31:57,098 | ERROR | خطا در پردازش: Python type numpy.int64 cannot be converted
2025-11-14 14:31:57,171 | ERROR | خطا در پردازش: Python type numpy.int64 cannot be converted
2025-11-14 14:31:57,223 | ERROR | خطا در پردازش: Python type numpy.int64 cannot be converted
2025-11-14 14:31:57,235 | ERROR | خطا در پردازش: Python type numpy.int64 cannot be converted
2025-11-14 14:31:57,275 | ERROR | خطا در پردازش: Python type numpy.int64 cannot be converted
2025-11-14 14:31:57,284 | ERROR | خطا در پردازش: Python type numpy.int64 cannot be converted
2025-11-14 14:31:57,324 | ERROR | خطا در پردازش: Python type numpy.int64 cannot be converted
2025-11-14 14:31:57,355 | ERROR | خطا در پردازش: Python type numpy.int64 cannot be converted
2025-11-14 14:31:57,379 | ERROR | خطا در پردازش: Python type numpy.int64 cannot be converted
2025-11-14 14:31:57,407 | ERROR | خطا در پردازش: Python type numpy.int64 cannot be converted
2025-11-14 14:31:57,440 | ERROR | خطا در پردازش: Python type numpy.int64 cannot be converted
2025-11-14 14:31:57,464 | ERROR | خطا در پردازش: Python type numpy.int64 cannot be converted
2025-11-14 14:31:57,506 | ERROR | خطا در پردازش: Python type numpy.int64 cannot be converted
2025-11-14 14:31:57,539 | ERROR | خطا در پردازش: Python type numpy.int64 cannot be converted
2025-11-14 14:31:57,570 | ERROR | خطا در پردازش: Python type numpy.int64 cannot be converted
2025-11-14 14:31:57,608 | ERROR | خطا در پردازش: Python type numpy.int64 cannot be converted
2025-11-14 14:31:57,638 | ERROR | خطا در پردازش: Python type numpy.int64 cannot be converted
2025-11-14 14:31:57,673 | ERROR | خطا در پردازش: Python type numpy.int64 cannot be converted
2025-11-14 14:31:57,698 | ERROR | خطا در پردازش: Python type numpy.int64 cannot be converted
2025-11-14 14:31:57,743 | ERROR | خطا در پردازش: Python type numpy.int64 cannot be converted
2025-11-14 14:31:57,777 | ERROR | خطا در پردازش: Python type numpy.int64 cannot be converted
2025-11-14 14:31:57,800 | ERROR | خطا در پردازش: Python type numpy.int64 cannot be converted
2025-11-14 14:31:57,825 | ERROR | خطا در پردازش: Python type numpy.int64 cannot be converted
2025-11-14 14:31:57,854 | ERROR | خطا در پردازش: Python type numpy.int64 cannot be converted
2025-11-14 14:31:57,873 | ERROR | خطا در پردازش: Python type numpy.int64 cannot be converted
2025-11-14 14:31:57,901 | ERROR | خطا در پردازش: Python type numpy.int64 cannot be converted
2025-11-14 14:31:57,944 | ERROR | خطا در پردازش: Python type numpy.int64 cannot be converted
2025-11-14 14:31:57,992 | ERROR | خطا در پردازش: Python type numpy.int64 cannot be converted
2025-11-14 14:31:58,018 | ERROR | خطا در پردازش: Python type numpy.int64 cannot be converted
2025-11-14 14:31:58,051 | ERROR | خطا در پردازش: Python type numpy.int64 cannot be converted
2025-11-14 14:31:58,077 | ERROR | خطا در پردازش: Python type numpy.int64 cannot be converted
2025-11-14 14:31:58,104 | ERROR | خطا در پردازش: Python type numpy.int64 cannot be converted
2025-11-14 14:31:58,121 | ERROR | خطا در پردازش: Python type numpy.int64 cannot be converted
2025-11-14 14:31:58,152 | ERROR | خطا در پردازش: Python type numpy.int64 cannot be converted
2025-11-14 14:31:58,178 | ERROR | خطا در پردازش: Python type numpy.int64 cannot be converted
2025-11-14 14:31:58,207 | ERROR | خطا در پردازش: Python type numpy.int64 cannot be converted
2025-11-14 14:31:58,282 | ERROR | خطا در پردازش: Python type numpy.int64 cannot be converted
2025-11-14 14:31:58,342 | ERROR | خطا در پردازش: Python type numpy.int64 cannot be converted
2025-11-14 14:31:58,418 | ERROR | خطا در پردازش: Python type numpy.int64 cannot be converted
2025-11-14 14:31:58,456 | ERROR | خطا در پردازش: Python type numpy.int64 cannot be converted
2025-11-14 14:31:58,467 | ERROR | خطا در پردازش: Python type numpy.int64 cannot be converted
2025-11-14 14:31:58,504 | ERROR | خطا در پردازش: Python type numpy.int64 cannot be converted
2025-11-14 14:31:58,517 | ERROR | خطا در پردازش: Python type numpy.int64 cannot be converted
2025-11-14 14:31:58,557 | ERROR | خطا در پردازش: Python type numpy.int64 cannot be converted
2025-11-14 14:31:58,579 | ERROR | خطا در پردازش: Python type numpy.int64 cannot be converted
2025-11-14 14:31:58,613 | ERROR | خطا در پردازش: Python type numpy.int64 cannot be converted
2025-11-14 14:31:58,651 | ERROR | خطا در پردازش: Python type numpy.int64 cannot be converted
2025-11-14 14:31:58,692 | ERROR | خطا در پردازش: Python type numpy.int64 cannot be converted
2025-11-14 14:31:58,730 | ERROR | خطا در پردازش: Python type numpy.int64 cannot be converted
2025-11-14 14:31:58,770 | ERROR | خطا در پردازش: Python type numpy.int64 cannot be converted
2025-11-14 14:31:58,799 | ERROR | خطا در پردازش: Python type numpy.int64 cannot be converted
2025-11-14 14:31:58,838 | ERROR | خطا در پردازش: Python type numpy.int64 cannot be converted
2025-11-14 14:31:58,867 | ERROR | خطا در پردازش: Python type numpy.int64 cannot be converted
2025-11-14 14:31:58,938 | ERROR | خطا در پردازش: Python type numpy.int64 cannot be converted
2025-11-14 14:31:58,976 | ERROR | خطا در پردازش: Python type numpy.int64 cannot be converted
2025-11-14 14:31:59,041 | ERROR | خطا در پردازش: Python type numpy.int64 cannot be converted
2025-11-14 14:31:59,078 | ERROR | خطا در پردازش: Python type numpy.int64 cannot be converted
2025-11-14 14:31:59,121 | ERROR | خطا در پردازش: Python type numpy.int64 cannot be converted
2025-11-14 14:31:59,162 | ERROR | خطا در پردازش: Python type numpy.int64 cannot be converted
2025-11-14 14:31:59,244 | ERROR | خطا در پردازش: Python type numpy.int64 cannot be converted
2025-11-14 14:31:59,296 | ERROR | خطا در پردازش: Python type numpy.int64 cannot be converted
2025-11-14 14:31:59,335 | ERROR | خطا در پردازش: Python type numpy.int64 cannot be converted
2025-11-14 14:31:59,378 | ERROR | خطا در پردازش: Python type numpy.int64 cannot be converted
2025-11-14 14:31:59,436 | ERROR | خطا در پردازش: Python type numpy.int64 cannot be converted
2025-11-14 14:31:59,490 | ERROR | خطا در پردازش: Python type numpy.int64 cannot be converted
2025-11-14 14:31:59,531 | ERROR | خطا در پردازش: Python type numpy.int64 cannot be converted
2025-11-14 14:31:59,568 | ERROR | خطا در پردازش: Python type numpy.int64 cannot be converted
2025-11-14 14:31:59,604 | ERROR | خطا در پردازش: Python type numpy.int64 cannot be converted
2025-11-14 14:31:59,636 | ERROR | خطا در پردازش: Python type numpy.int64 cannot be converted
2025-11-14 14:31:59,676 | ERROR | خطا در پردازش: Python type numpy.int64 cannot be converted
2025-11-14 14:31:59,719 | ERROR | خطا در پردازش: Python type numpy.int64 cannot be converted
2025-11-14 14:31:59,761 | ERROR | خطا در پردازش: Python type numpy.int64 cannot be converted
2025-11-14 14:31:59,811 | ERROR | خطا در پردازش: Python type numpy.int64 cannot be converted
2025-11-14 14:31:59,843 | ERROR | خطا در پردازش: Python type numpy.int64 cannot be converted
2025-11-14 14:31:59,868 | ERROR | خطا در پردازش: Python type numpy.int64 cannot be converted
2025-11-14 14:31:59,929 | ERROR | خطا در پردازش: Python type numpy.int64 cannot be converted
2025-11-14 14:31:59,995 | ERROR | خطا در پردازش: Python type numpy.int64 cannot be converted
2025-11-14 14:32:00,048 | ERROR | خطا در پردازش: Python type numpy.int64 cannot be converted
2025-11-14 14:32:00,334 | ERROR | خطا در پردازش: Python type numpy.int64 cannot be converted
2025-11-14 14:32:00,497 | ERROR | خطا در پردازش: Python type numpy.int64 cannot be converted
2025-11-14 14:32:00,585 | ERROR | خطا در پردازش: Python type numpy.int64 cannot be converted
2025-11-14 14:32:00,629 | ERROR | خطا در پردازش: Python type numpy.int64 cannot be converted
2025-11-14 14:32:00,684 | ERROR | خطا در پردازش: Python type numpy.int64 cannot be converted
2025-11-14 14:32:00,735 | ERROR | خطا در پردازش: Python type numpy.int64 cannot be converted
2025-11-14 14:32:00,776 | ERROR | خطا در پردازش: Python type numpy.int64 cannot be converted
2025-11-14 14:32:00,801 | ERROR | خطا در پردازش: Python type numpy.int64 cannot be converted
2025-11-14 14:32:00,923 | ERROR | خطا در پردازش: Python type numpy.int64 cannot be converted
2025-11-14 14:32:00,976 | ERROR | خطا در پردازش: Python type numpy.int64 cannot be converted
2025-11-14 14:32:01,059 | ERROR | خطا در پردازش: Python type numpy.int64 cannot be converted
2025-11-14 14:32:01,112 | ERROR | خطا در پردازش: Python type numpy.int64 cannot be converted
2025-11-14 14:32:01,154 | ERROR | خطا در پردازش: Python type numpy.int64 cannot be converted
2025-11-14 14:32:01,188 | ERROR | خطا در پردازش: Python type numpy.int64 cannot be converted
2025-11-14 14:32:01,226 | ERROR | خطا در پردازش: Python type numpy.int64 cannot be converted
2025-11-14 14:32:01,258 | ERROR | خطا در پردازش: Python type numpy.int64 cannot be converted
2025-11-14 14:32:01,307 | ERROR | خطا در پردازش: Python type numpy.int64 cannot be converted
2025-11-14 14:32:01,344 | ERROR | خطا در پردازش: Python type numpy.int64 cannot be converted
2025-11-14 14:32:01,387 | ERROR | خطا در پردازش: Python type numpy.int64 cannot be converted
2025-11-14 14:32:01,432 | ERROR | خطا در پردازش: Python type numpy.int64 cannot be converted
2025-11-14 14:32:01,458 | ERROR | خطا در پردازش: Python type numpy.int64 cannot be converted
2025-11-14 14:32:01,494 | ERROR | خطا در پردازش: Python type numpy.int64 cannot be converted
2025-11-14 14:32:01,519 | ERROR | خطا در پردازش: Python type numpy.int64 cannot be converted
2025-11-14 14:32:01,571 | ERROR | خطا در پردازش: Python type numpy.int64 cannot be converted
2025-11-14 14:32:01,644 | ERROR | خطا در پردازش: Python type numpy.int64 cannot be converted
2025-11-14 14:32:01,687 | ERROR | خطا در پردازش: Python type numpy.int64 cannot be converted
2025-11-14 14:32:01,782 | ERROR | خطا در پردازش: Python type numpy.int64 cannot be converted
2025-11-14 14:32:01,847 | ERROR | خطا در پردازش: Python type numpy.int64 cannot be converted
2025-11-14 14:32:01,906 | ERROR | خطا در پردازش: Python type numpy.int64 cannot be converted
2025-11-14 14:32:01,960 | ERROR | خطا در پردازش: Python type numpy.int64 cannot be converted
2025-11-14 14:32:02,039 | ERROR | خطا در پردازش: Python type numpy.int64 cannot be converted
2025-11-14 14:32:02,135 | ERROR | خطا در پردازش: Python type numpy.int64 cannot be converted
2025-11-14 14:32:02,175 | ERROR | خطا در پردازش: Python type numpy.int64 cannot be converted
2025-11-14 14:32:02,218 | ERROR | خطا در پردازش: Python type numpy.int64 cannot be converted
2025-11-14 14:32:02,267 | ERROR | خطا در پردازش: Python type numpy.int64 cannot be converted
2025-11-14 14:32:02,306 | ERROR | خطا در پردازش: Python type numpy.int64 cannot be converted
2025-11-14 14:32:02,333 | ERROR | خطا در پردازش: Python type numpy.int64 cannot be converted
2025-11-14 14:32:02,360 | ERROR | خطا در پردازش: Python type numpy.int64 cannot be converted
2025-11-14 14:32:02,383 | ERROR | خطا در پردازش: Python type numpy.int64 cannot be converted
2025-11-14 14:32:02,407 | ERROR | خطا در پردازش: Python type numpy.int64 cannot be converted
2025-11-14 14:32:02,428 | ERROR | خطا در پردازش: Python type numpy.int64 cannot be converted
2025-11-14 14:32:02,452 | ERROR | خطا در پردازش: Python type numpy.int64 cannot be converted
2025-11-14 14:32:02,477 | ERROR | خطا در پردازش: Python type numpy.int64 cannot be converted
2025-11-14 14:32:02,499 | ERROR | خطا در پردازش: Python type numpy.int64 cannot be converted
2025-11-14 14:32:02,521 | ERROR | خطا در پردازش: Python type numpy.int64 cannot be converted
2025-11-14 14:32:02,545 | ERROR | خطا در پردازش: Python type numpy.int64 cannot be converted
2025-11-14 14:32:02,570 | ERROR | خطا در پردازش: Python type numpy.int64 cannot be converted
2025-11-14 14:32:02,594 | ERROR | خطا در پردازش: Python type numpy.int64 cannot be converted
2025-11-14 14:32:02,646 | ERROR | خطا در پردازش: Python type numpy.int64 cannot be converted
2025-11-14 14:32:02,721 | ERROR | خطا در پردازش: Python type numpy.int64 cannot be converted
2025-11-14 14:32:02,797 | ERROR | خطا در پردازش: Python type numpy.int64 cannot be converted
2025-11-14 14:32:02,845 | ERROR | خطا در پردازش: Python type numpy.int64 cannot be converted
2025-11-14 14:32:02,863 | ERROR | خطا در پردازش: Python type numpy.int64 cannot be converted
2025-11-14 14:32:02,893 | ERROR | خطا در پردازش: Python type numpy.int64 cannot be converted
2025-11-14 14:32:02,914 | ERROR | خطا در پردازش: Python type numpy.int64 cannot be converted
2025-11-14 14:32:02,941 | ERROR | خطا در پردازش: Python type numpy.int64 cannot be converted
2025-11-14 14:32:02,957 | ERROR | خطا در پردازش: Python type numpy.int64 cannot be converted
2025-11-14 14:32:02,985 | ERROR | خطا در پردازش: Python type numpy.int64 cannot be converted
2025-11-14 14:32:03,005 | ERROR | خطا در پردازش: Python type numpy.int64 cannot be converted
2025-11-14 14:32:03,026 | ERROR | خطا در پردازش: Python type numpy.int64 cannot be converted
2025-11-14 14:32:03,062 | ERROR | خطا در پردازش: Python type numpy.int64 cannot be converted
2025-11-14 14:32:03,076 | ERROR | خطا در پردازش: Python type numpy.int64 cannot be converted
2025-11-14 14:32:03,113 | ERROR | خطا در پردازش: Python type numpy.int64 cannot be converted
2025-11-14 14:32:03,140 | ERROR | خطا در پردازش: Python type numpy.int64 cannot be converted
2025-11-14 14:32:03,167 | ERROR | خطا در پردازش: Python type numpy.int64 cannot be converted
2025-11-14 14:32:03,193 | ERROR | خطا در پردازش: Python type numpy.int64 cannot be converted
2025-11-14 14:32:03,216 | ERROR | خطا در پردازش: Python type numpy.int64 cannot be converted
2025-11-14 14:32:03,245 | ERROR | خطا در پردازش: Python type numpy.int64 cannot be converted
2025-11-14 14:32:03,274 | ERROR | خطا در پردازش: Python type numpy.int64 cannot be converted
2025-11-14 14:32:03,320 | ERROR | خطا در پردازش: Python type numpy.int64 cannot be converted
2025-11-14 14:32:03,349 | ERROR | خطا در پردازش: Python type numpy.int64 cannot be converted
2025-11-14 14:32:03,371 | ERROR | خطا در پردازش: Python type numpy.int64 cannot be converted
2025-11-14 14:32:03,396 | ERROR | خطا در پردازش: Python type numpy.int64 cannot be converted
2025-11-14 14:32:03,426 | ERROR | خطا در پردازش: Python type numpy.int64 cannot be converted
2025-11-14 14:32:03,449 | ERROR | خطا در پردازش: Python type numpy.int64 cannot be converted
2025-11-14 14:32:03,477 | ERROR | خطا در پردازش: Python type numpy.int64 cannot be converted
2025-11-14 14:32:03,497 | ERROR | خطا در پردازش: Python type numpy.int64 cannot be converted
2025-11-14 14:32:03,523 | ERROR | خطا در پردازش: Python type numpy.int64 cannot be converted
2025-11-14 14:32:03,544 | ERROR | خطا در پردازش: Python type numpy.int64 cannot be converted
2025-11-14 14:32:03,594 | ERROR | خطا در پردازش: Python type numpy.int64 cannot be converted
2025-11-14 14:32:03,707 | ERROR | خطا در پردازش: Python type numpy.int64 cannot be converted
2025-11-14 14:32:03,777 | ERROR | خطا در پردازش: Python type numpy.int64 cannot be converted
2025-11-14 14:32:03,824 | ERROR | خطا در پردازش: Python type numpy.int64 cannot be converted
2025-11-14 14:32:03,863 | ERROR | خطا در پردازش: Python type numpy.int64 cannot be converted
2025-11-14 14:32:03,913 | ERROR | خطا در پردازش: Python type numpy.int64 cannot be converted
2025-11-14 14:32:04,122 | ERROR | خطا در پردازش: Python type numpy.int64 cannot be converted
2025-11-14 14:32:04,157 | ERROR | خطا در پردازش: Python type numpy.int64 cannot be converted
2025-11-14 14:32:04,215 | ERROR | خطا در پردازش: Python type numpy.int64 cannot be converted
2025-11-14 14:32:04,259 | ERROR | خطا در پردازش: Python type numpy.int64 cannot be converted
2025-11-14 14:32:04,307 | ERROR | خطا در پردازش: Python type numpy.int64 cannot be converted
2025-11-14 14:32:55,312 | INFO | مدل با موفقیت بارگذاری شد.
2025-11-14 14:32:55,312 | INFO | سرویس تشخیص ناهنجاری (فقط Abnormal → اکسل) شروع شد...
2025-11-14 14:32:55,996 | ERROR | خطا در پردازش: Python type numpy.int64 cannot be converted
2025-11-14 15:12:56,607 | INFO | مدل با موفقیت بارگذاری شد.
2025-11-14 15:12:56,612 | INFO | سرویس تشخیص ناهنجاری (فقط Abnormal → اکسل) شروع شد...
2025-11-14 15:12:56,658 | ERROR | خطا در پردازش: Python type numpy.int64 cannot be converted
2025-11-14 15:17:09,844 | INFO | مدل با موفقیت بارگذاری شد.
2025-11-14 15:17:09,844 | INFO | سرویس تشخیص ناهنجاری (فقط Abnormal → اکسل) شروع شد...
2025-11-14 15:17:10,610 | ERROR | خطا در پردازش: Python type numpy.int64 cannot be converted
2025-11-14 15:17:58,319 | INFO | مدل با موفقیت بارگذاری شد.
2025-11-14 15:17:58,336 | INFO | سرویس تشخیص ناهنجاری (فقط Abnormal → اکسل) شروع شد...
2025-11-14 15:17:58,986 | ERROR | خطا در پردازش: Python type numpy.int64 cannot be converted
2025-11-14 15:18:48,312 | INFO | مدل با موفقیت بارگذاری شد.
2025-11-14 15:18:48,312 | INFO | سرویس تشخیص ناهنجاری (فقط Abnormal → اکسل) شروع شد...
2025-11-14 15:18:48,982 | ERROR | خطا در پردازش: Python type numpy.int64 cannot be converted
2025-11-14 15:19:48,454 | ERROR | خطا در پردازش: Python type numpy.int64 cannot be converted
2025-11-14 15:22:11,506 | INFO | مدل با موفقیت بارگذاری شد.
2025-11-14 15:22:11,506 | INFO | اجرای یکبار تشخیص ناهنجاری شروع شد...
2025-11-14 15:22:12,384 | ERROR | خطا در پردازش: Python type numpy.int64 cannot be converted
2025-11-14 15:22:12,401 | INFO | اجرای یکبار به پایان رسید.
2025-11-14 15:23:07,648 | INFO | مدل با موفقیت بارگذاری شد.
2025-11-14 15:23:07,653 | INFO | اجرای یکبار تشخیص ناهنجاری شروع شد...
2025-11-14 15:23:07,702 | ERROR | خطا در پردازش: Python type numpy.int64 cannot be converted
2025-11-14 15:23:07,704 | INFO | اجرای یکبار به پایان رسید.
2025-11-14 15:23:11,367 | INFO | مدل با موفقیت بارگذاری شد.
2025-11-14 15:23:11,371 | INFO | اجرای یکبار تشخیص ناهنجاری شروع شد...
2025-11-14 15:23:11,401 | ERROR | خطا در پردازش: Python type numpy.int64 cannot be converted
2025-11-14 15:23:11,402 | INFO | اجرای یکبار به پایان رسید.
2025-11-14 15:23:12,570 | INFO | مدل با موفقیت بارگذاری شد.
2025-11-14 15:23:12,575 | INFO | اجرای یکبار تشخیص ناهنجاری شروع شد...
2025-11-14 15:23:12,614 | ERROR | خطا در پردازش: Python type numpy.int64 cannot be converted
2025-11-14 15:23:12,617 | INFO | اجرای یکبار به پایان رسید.
2025-11-14 15:23:13,378 | INFO | مدل با موفقیت بارگذاری شد.
2025-11-14 15:23:13,383 | INFO | اجرای یکبار تشخیص ناهنجاری شروع شد...
2025-11-14 15:23:13,401 | ERROR | خطا در پردازش: Python type numpy.int64 cannot be converted
2025-11-14 15:23:13,401 | INFO | اجرای یکبار به پایان رسید.
2025-11-14 15:30:09,405 | INFO | مدل با موفقیت بارگذاری شد.
2025-11-14 15:30:09,413 | INFO | اجرای یکبار تشخیص ناهنجاری شروع شد...
2025-11-14 15:30:09,459 | ERROR | خطا در پردازش: Python type numpy.int64 cannot be converted
2025-11-14 15:30:09,459 | INFO | اجرای یکبار به پایان رسید.
2025-11-14 15:30:18,443 | INFO | مدل با موفقیت بارگذاری شد.
2025-11-14 15:30:18,446 | INFO | اجرای یکبار تشخیص ناهنجاری شروع شد...
2025-11-14 15:30:18,484 | ERROR | خطا در پردازش: Python type numpy.int64 cannot be converted
2025-11-14 15:30:18,486 | INFO | اجرای یکبار به پایان رسید.
2025-11-14 15:30:19,811 | INFO | مدل با موفقیت بارگذاری شد.
2025-11-14 15:30:19,815 | INFO | اجرای یکبار تشخیص ناهنجاری شروع شد...
2025-11-14 15:30:19,843 | ERROR | خطا در پردازش: Python type numpy.int64 cannot be converted
2025-11-14 15:30:19,843 | INFO | اجرای یکبار به پایان رسید.
2025-11-14 15:39:57,359 | INFO | مدل و اجزا با موفقیت بارگذاری شدند.
2025-11-14 15:39:57,363 | INFO | سرویس تشخیص ناهنجاری (فقط Abnormal → اکسل) شروع شد. هر 60 ثانیه اجرا می‌شود...
2025-11-14 15:39:57,405 | ERROR | خطای غیرمنتظره: Python type numpy.int64 cannot be converted
2025-11-14 15:39:57,408 | INFO | بدون رکورد Abnormal جدید.
