2025-11-14 15:43:20,943 | INFO | شروع استخراج رکوردهای Abnormal...
2025-11-14 15:43:20,956 | INFO | در حال خواندن رکوردهای Abnormal از جدول...
2025-11-14 15:43:28,712 | INFO | 1 رکورد Abnormal با موفقیت در 'abnormal_results_mhi_lube_oil_g11.xlsx' ذخیره شد.
2025-11-14 15:43:28,728 | INFO | اتصال به دیتابیس بسته شد.
2025-11-14 15:43:28,728 | INFO | پایان فرآیند. مدت زمان: 7.78 ثانیه
2025-11-14 15:44:21,771 | INFO | شروع استخراج رکوردهای Abnormal...
2025-11-14 15:44:21,775 | INFO | در حال خواندن رکوردهای Abnormal از جدول...
2025-11-14 15:44:21,857 | INFO | 1 رکورد Abnormal با موفقیت در 'abnormal_results_mhi_lube_oil_g11.xlsx' ذخیره شد.
2025-11-14 15:44:21,879 | INFO | اتصال به دیتابیس بسته شد.
2025-11-14 15:44:21,881 | INFO | پایان فرآیند. مدت زمان: 0.11 ثانیه
2025-11-14 15:46:26,870 | INFO | شروع استخراج رکوردهای Abnormal...
2025-11-14 15:46:26,870 | INFO | در حال خواندن رکوردهای Abnormal از جدول...
2025-11-14 15:46:26,951 | INFO | 1 رکورد Abnormal با موفقیت در 'abnormal_results_mhi_lube_oil_g11.xlsx' ذخیره شد.
2025-11-14 15:46:26,953 | INFO | اتصال به دیتابیس بسته شد.
2025-11-14 15:46:26,954 | INFO | پایان فرآیند. مدت زمان: 0.08 ثانیه
2025-11-14 15:46:36,873 | INFO | شروع استخراج رکوردهای Abnormal...
2025-11-14 15:46:36,878 | INFO | در حال خواندن رکوردهای Abnormal از جدول...
2025-11-14 15:46:36,948 | INFO | 1 رکورد Abnormal با موفقیت در 'abnormal_results_mhi_lube_oil_g11.xlsx' ذخیره شد.
2025-11-14 15:46:36,950 | INFO | اتصال به دیتابیس بسته شد.
2025-11-14 15:46:36,951 | INFO | پایان فرآیند. مدت زمان: 0.08 ثانیه
2025-11-14 15:46:38,035 | INFO | شروع استخراج رکوردهای Abnormal...
2025-11-14 15:46:38,039 | INFO | در حال خواندن رکوردهای Abnormal از جدول...
2025-11-14 15:46:38,095 | INFO | 1 رکورد Abnormal با موفقیت در 'abnormal_results_mhi_lube_oil_g11.xlsx' ذخیره شد.
2025-11-14 15:46:38,097 | INFO | اتصال به دیتابیس بسته شد.
2025-11-14 15:46:38,099 | INFO | پایان فرآیند. مدت زمان: 0.06 ثانیه
2025-11-14 15:49:17,617 | INFO | شروع استخراج رکوردهای Abnormal...
2025-11-14 15:49:17,619 | INFO | در حال خواندن رکوردهای Abnormal از جدول...
2025-11-14 15:49:17,691 | INFO | 1 رکورد Abnormal با موفقیت در 'abnormal_results_mhi_lube_oil_g11.xlsx' ذخیره شد.
2025-11-14 15:49:17,696 | INFO | اتصال به دیتابیس بسته شد.
2025-11-14 15:49:17,698 | INFO | پایان فرآیند. مدت زمان: 0.08 ثانیه
2025-11-14 15:52:38,812 | INFO | شروع استخراج رکوردهای Abnormal...
2025-11-14 15:52:38,812 | INFO | در حال خواندن رکوردهای Abnormal از جدول...
2025-11-14 15:52:38,887 | INFO | 1 رکورد Abnormal با موفقیت در 'abnormal_results_mhi_lube_oil_g11.xlsx' ذخیره شد.
2025-11-14 15:52:38,889 | INFO | اتصال به دیتابیس بسته شد.
2025-11-14 15:52:38,890 | INFO | پایان فرآیند. مدت زمان: 0.08 ثانیه
2025-11-14 15:52:45,817 | INFO | شروع استخراج رکوردهای Abnormal...
2025-11-14 15:52:45,830 | INFO | در حال خواندن رکوردهای Abnormal از جدول...
2025-11-14 15:52:45,890 | INFO | 1 رکورد Abnormal با موفقیت در 'abnormal_results_mhi_lube_oil_g11.xlsx' ذخیره شد.
2025-11-14 15:52:45,892 | INFO | اتصال به دیتابیس بسته شد.
2025-11-14 15:52:45,894 | INFO | پایان فرآیند. مدت زمان: 0.08 ثانیه
2025-11-14 15:52:47,320 | INFO | شروع استخراج رکوردهای Abnormal...
2025-11-14 15:52:47,324 | INFO | در حال خواندن رکوردهای Abnormal از جدول...
2025-11-14 15:52:47,397 | INFO | 1 رکورد Abnormal با موفقیت در 'abnormal_results_mhi_lube_oil_g11.xlsx' ذخیره شد.
2025-11-14 15:52:47,399 | INFO | اتصال به دیتابیس بسته شد.
2025-11-14 15:52:47,401 | INFO | پایان فرآیند. مدت زمان: 0.08 ثانیه
